# JRE version: Java(TM) SE Runtime Environment (17.0.10+11) (build 17.0.10+11-LTS-240)
# Java VM: Java HotSpot(TM) 64-Bit Server VM (17.0.10+11-LTS-240, mixed mode, sharing, tiered, compressed oops, compressed class ptrs, g1 gc, windows-amd64)
GC Precious Log:
 CPUs: 8 total, 8 available
 Memory: 32464M
 Large Page Support: Disabled
 NUMA Support: Disabled
 Compressed Oops: Enabled (Zero based)
 Heap Region Size: 2M
 Heap Min Capacity: 8M
 Heap Initial Capacity: 508M
 Heap Max Capacity: 4G
 Pre-touch: Disabled
 Parallel Workers: 8
 Concurrent Workers: 2
 Concurrent Refinement Workers: 8
 Periodic GC: Disabled
Heap:
 garbage-first heap   total 643072K, used 325699K [0x0000000700000000, 0x0000000800000000)
  region size 2048K, 75 young (153600K), 11 survivors (22528K)
 Metaspace       used 52500K, committed 53120K, reserved 1114112K
  class space    used 7160K, committed 7424K, reserved 1048576K
GC Heap History (20 events):
Event: 30.578 GC heap before
{Heap before GC invocations=32 (full 0):
 garbage-first heap   total 643072K, used 547313K [0x0000000700000000, 0x0000000800000000)
  region size 2048K, 188 young (385024K), 10 survivors (20480K)
 Metaspace       used 49664K, committed 50176K, reserved 1114112K
  class space    used 6927K, committed 7168K, reserved 1048576K
}
Event: 30.581 GC heap after
{Heap after GC invocations=33 (full 0):
 garbage-first heap   total 643072K, used 166436K [0x0000000700000000, 0x0000000800000000)
  region size 2048K, 2 young (4096K), 2 survivors (4096K)
 Metaspace       used 49664K, committed 50176K, reserved 1114112K
  class space    used 6927K, committed 7168K, reserved 1048576K
}
Event: 31.315 GC heap before
{Heap before GC invocations=33 (full 0):
 garbage-first heap   total 643072K, used 553508K [0x0000000700000000, 0x0000000800000000)
  region size 2048K, 188 young (385024K), 2 survivors (4096K)
 Metaspace       used 49674K, committed 50240K, reserved 1114112K
  class space    used 6927K, committed 7168K, reserved 1048576K
}
Event: 31.319 GC heap after
{Heap after GC invocations=34 (full 0):
 garbage-first heap   total 643072K, used 175274K [0x0000000700000000, 0x0000000800000000)
  region size 2048K, 5 young (10240K), 5 survivors (10240K)
 Metaspace       used 49674K, committed 50240K, reserved 1114112K
  class space    used 6927K, committed 7168K, reserved 1048576K
}
Event: 33.391 GC heap before
{Heap before GC invocations=34 (full 0):
 garbage-first heap   total 643072K, used 570538K [0x0000000700000000, 0x0000000800000000)
  region size 2048K, 188 young (385024K), 5 survivors (10240K)
 Metaspace       used 52424K, committed 52992K, reserved 1114112K
  class space    used 7153K, committed 7424K, reserved 1048576K
}
Event: 33.396 GC heap after
{Heap after GC invocations=35 (full 0):
 garbage-first heap   total 643072K, used 181608K [0x0000000700000000, 0x0000000800000000)
  region size 2048K, 4 young (8192K), 4 survivors (8192K)
 Metaspace       used 52424K, committed 52992K, reserved 1114112K
  class space    used 7153K, committed 7424K, reserved 1048576K
}
Event: 35.968 GC heap before
{Heap before GC invocations=35 (full 0):
 garbage-first heap   total 643072K, used 554344K [0x0000000700000000, 0x0000000800000000)
  region size 2048K, 186 young (380928K), 4 survivors (8192K)
 Metaspace       used 52453K, committed 53056K, reserved 1114112K
  class space    used 7160K, committed 7424K, reserved 1048576K
}
Event: 35.975 GC heap after
{Heap after GC invocations=36 (full 0):
 garbage-first heap   total 643072K, used 183139K [0x0000000700000000, 0x0000000800000000)
  region size 2048K, 4 young (8192K), 4 survivors (8192K)
 Metaspace       used 52453K, committed 53056K, reserved 1114112K
  class space    used 7160K, committed 7424K, reserved 1048576K
}
Event: 36.992 GC heap before
{Heap before GC invocations=36 (full 0):
 garbage-first heap   total 643072K, used 559971K [0x0000000700000000, 0x0000000800000000)
  region size 2048K, 188 young (385024K), 4 survivors (8192K)
 Metaspace       used 52474K, committed 53120K, reserved 1114112K
  class space    used 7160K, committed 7424K, reserved 1048576K
}
Event: 36.999 GC heap after
{Heap after GC invocations=37 (full 0):
 garbage-first heap   total 643072K, used 185318K [0x0000000700000000, 0x0000000800000000)
  region size 2048K, 6 young (12288K), 6 survivors (12288K)
 Metaspace       used 52474K, committed 53120K, reserved 1114112K
  class space    used 7160K, committed 7424K, reserved 1048576K
}
Event: 37.925 GC heap before
{Heap before GC invocations=37 (full 0):
 garbage-first heap   total 643072K, used 558054K [0x0000000700000000, 0x0000000800000000)
  region size 2048K, 188 young (385024K), 6 survivors (12288K)
 Metaspace       used 52483K, committed 53120K, reserved 1114112K
  class space    used 7160K, committed 7424K, reserved 1048576K
}
Event: 37.931 GC heap after
{Heap after GC invocations=38 (full 0):
 garbage-first heap   total 643072K, used 188105K [0x0000000700000000, 0x0000000800000000)
  region size 2048K, 7 young (14336K), 7 survivors (14336K)
 Metaspace       used 52483K, committed 53120K, reserved 1114112K
  class space    used 7160K, committed 7424K, reserved 1048576K
}
Event: 38.539 GC heap before
{Heap before GC invocations=38 (full 0):
 garbage-first heap   total 643072K, used 558793K [0x0000000700000000, 0x0000000800000000)
  region size 2048K, 188 young (385024K), 7 survivors (14336K)
 Metaspace       used 52483K, committed 53120K, reserved 1114112K
  class space    used 7160K, committed 7424K, reserved 1048576K
}
Event: 38.546 GC heap after
{Heap after GC invocations=39 (full 0):
 garbage-first heap   total 643072K, used 189840K [0x0000000700000000, 0x0000000800000000)
  region size 2048K, 8 young (16384K), 8 survivors (16384K)
 Metaspace       used 52483K, committed 53120K, reserved 1114112K
  class space    used 7160K, committed 7424K, reserved 1048576K
}
Event: 39.081 GC heap before
{Heap before GC invocations=39 (full 0):
 garbage-first heap   total 643072K, used 558480K [0x0000000700000000, 0x0000000800000000)
  region size 2048K, 188 young (385024K), 8 survivors (16384K)
 Metaspace       used 52483K, committed 53120K, reserved 1114112K
  class space    used 7160K, committed 7424K, reserved 1048576K
}
Event: 39.088 GC heap after
{Heap after GC invocations=40 (full 0):
 garbage-first heap   total 643072K, used 191726K [0x0000000700000000, 0x0000000800000000)
  region size 2048K, 8 young (16384K), 8 survivors (16384K)
 Metaspace       used 52483K, committed 53120K, reserved 1114112K
  class space    used 7160K, committed 7424K, reserved 1048576K
}
Event: 39.596 GC heap before
{Heap before GC invocations=40 (full 0):
 garbage-first heap   total 643072K, used 560366K [0x0000000700000000, 0x0000000800000000)
  region size 2048K, 188 young (385024K), 8 survivors (16384K)
 Metaspace       used 52483K, committed 53120K, reserved 1114112K
  class space    used 7160K, committed 7424K, reserved 1048576K
}
Event: 39.604 GC heap after
{Heap after GC invocations=41 (full 0):
 garbage-first heap   total 643072K, used 194169K [0x0000000700000000, 0x0000000800000000)
  region size 2048K, 10 young (20480K), 10 survivors (20480K)
 Metaspace       used 52483K, committed 53120K, reserved 1114112K
  class space    used 7160K, committed 7424K, reserved 1048576K
}
Event: 40.091 GC heap before
{Heap before GC invocations=41 (full 0):
 garbage-first heap   total 643072K, used 554617K [0x0000000700000000, 0x0000000800000000)
  region size 2048K, 186 young (380928K), 10 survivors (20480K)
 Metaspace       used 52494K, committed 53120K, reserved 1114112K
  class space    used 7160K, committed 7424K, reserved 1048576K
}
Event: 40.100 GC heap after
{Heap after GC invocations=42 (full 0):
 garbage-first heap   total 643072K, used 196675K [0x0000000700000000, 0x0000000800000000)
  region size 2048K, 11 young (22528K), 11 survivors (22528K)
 Metaspace       used 52494K, committed 53120K, reserved 1114112K
  class space    used 7160K, committed 7424K, reserved 1048576K
}

